
compile commands:
cp nuclear-gpu.c nuclear-gpu.cu;
nvcc -c --gpu-architecture=sm_70 nuclear-gpu.cu 
xlc -c ctdslda.c 
xlc -c -DEXTBOOST -DCP ctdslda.c 
xlc -c create_destroy_groups.c
xlc -c densities.c
xlc -c deform.c 
xlc -c external_pot.c
xlc -c fposio-wf.c
xlc -c getnwfip.c
xlc -c operators.c
xlc -c potentials.c
xlc -c system_energy.c
xlc -c wf.c
xlc -c rotation.c
xlc -c postprocess.c
xlc -o xlise-tdslda-gpu deform.o densities.o external_pot.o operators.o create_destroy_groups.o fposio-wf.o ctdslda.o nuclear-gpu.o getnwfip.o potentials.o system_energy.o wf.o rotation.o -L${OLCF_FFTW_ROOT}/lib -lfftw3 -L${OLCF_ESSL_ROOT}/lib64 -lessl -L${CUDA_TOOLKIT_ROOT_DIR}/lib64 -lcufft -lcudart -L${MPI_ROOT}/lib -lmpi_ibm 

environment varialbles:
OLCF_ESSL_ROOT=/sw/summit/essl/6.1.0-2/essl/6.1

modules:
xl/16.1.1-5
spectrum-mpi/10.3.1.2-20200121
hsi/5.0.2.p5
xalt/1.2.1
lsf-tools/2.0
DefApps
fftw/3.3.8
cuda/10.1.243
essl/6.1.0-2

